<?xml version="1.0" encoding="utf-8"?><testsuites name="pytest tests"><testsuite name="pytest" errors="0" failures="1" skipped="0" tests="15" time="22.271" timestamp="2026-06-09T20:32:18.475045+00:00" hostname="agent-env-17c8d34e-d82e-43d1-bfb0-6f8d688daa80"><testcase classname="backend.tests.test_pipsevo_backend" name="test_register_duplicate" time="0.603" /><testcase classname="backend.tests.test_pipsevo_backend" name="test_login_demo" time="0.276" /><testcase classname="backend.tests.test_pipsevo_backend" name="test_login_invalid" time="0.278" /><testcase classname="backend.tests.test_pipsevo_backend" name="test_me" time="0.056"><failure message="AssertionError: assert 'test_e937640f85@pipsevo.com' == 'TEST_e937640f85@pipsevo.com'&#10;  &#10;  - TEST_e937640f85@pipsevo.com&#10;  ? ^^^^&#10;  + test_e937640f85@pipsevo.com&#10;  ? ^^^^">backend/tests/test_pipsevo_backend.py:47: in test_me
    assert r.json()["email"] == user_ctx["email"]
E   AssertionError: assert 'test_e937640f85@pipsevo.com' == 'TEST_e937640f85@pipsevo.com'
E     
E     - TEST_e937640f85@pipsevo.com
E     ? ^^^^
E     + test_e937640f85@pipsevo.com
E     ? ^^^^</failure></testcase><testcase classname="backend.tests.test_pipsevo_backend" name="test_me_no_token" time="0.049" /><testcase classname="backend.tests.test_pipsevo_backend" name="test_google_mocked" time="0.053" /><testcase classname="backend.tests.test_pipsevo_backend" name="test_onboarding" time="0.109" /><testcase classname="backend.tests.test_pipsevo_backend" name="test_account_crud" time="0.116" /><testcase classname="backend.tests.test_pipsevo_backend" name="test_trade_create_updates_balance" time="0.116" /><testcase classname="backend.tests.test_pipsevo_backend" name="test_trades_list" time="0.052" /><testcase classname="backend.tests.test_pipsevo_backend" name="test_dashboard" time="0.052" /><testcase classname="backend.tests.test_pipsevo_backend" name="test_payouts" time="0.118" /><testcase classname="backend.tests.test_pipsevo_backend" name="test_dna" time="0.048" /><testcase classname="backend.tests.test_pipsevo_backend" name="test_coach_ask" time="20.104" /><testcase classname="backend.tests.test_pipsevo_backend" name="test_billing_mock" time="0.059" /></testsuite></testsuites>